<?xml version="1.0" encoding="UTF-8"?>
<!-- Generated by org.testng.reporters.JUnitReportReporter -->
<testsuite hostname="ss" name="com.corejava.testngclass" tests="1" failures="0" timestamp="22 Jan 2018 07:42:14 GMT" time="27.058" errors="0">
  <testcase name="f" time="27.058" classname="com.corejava.testngclass"/>
</testsuite> <!-- com.corejava.testngclass -->
